<?xml version="1.0" encoding="UTF-8"?>
<!-- Generated by org.testng.reporters.JUnitReportReporter -->
<testsuite skipped="0" hostname="Sony" name="MavenFramwwork.Demo" tests="1" failures="0" timestamp="19 Nov 2018 16:44:45 GMT" time="0.358" errors="0">
  <testcase name="createPlaceAPI" time="0.358" classname="MavenFramwwork.Demo"/>
</testsuite> <!-- MavenFramwwork.Demo -->
