<?xml version="1.0" encoding="UTF-8"?>
<!-- Generated by org.testng.reporters.JUnitReportReporter -->
<testsuite skipped="0" hostname="Sony" name="MavenFramwwork.Demo" tests="1" failures="0" timestamp="19 Nov 2018 16:42:14 GMT" time="1.838" errors="0">
  <testcase name="createPlaceAPI" time="1.838" classname="MavenFramwwork.Demo"/>
</testsuite> <!-- MavenFramwwork.Demo -->
