<?xml version="1.0" encoding="UTF-8"?>
<!-- Generated by org.testng.reporters.JUnitReportReporter -->
<testsuite skipped="0" hostname="Sony" name="MavenFramwwork.APIGetRequest" tests="1" failures="0" timestamp="19 Nov 2018 16:42:14 GMT" time="6.154" errors="0">
  <testcase name="getPlaceAPI" time="6.154" classname="MavenFramwwork.APIGetRequest"/>
</testsuite> <!-- MavenFramwwork.APIGetRequest -->
